
2024-06-09 10:35:32,990	INFO	该空间当前状态不可预约
2024-06-09 10:35:32,990	ERROR	An error occurred: 该空间当前状态不可预约
2024-06-09 14:03:50,305	INFO	该空间当前状态不可预约
2024-06-09 14:03:50,305	ERROR	An error occurred: 该空间当前状态不可预约
2024-06-09 22:07:40,702	INFO	预约成功<br/>您已违约1次,详情请登录web端或联系管理员
2024-06-10 22:08:40,778	INFO	预约成功<br/>您已违约1次,详情请登录web端或联系管理员
2024-06-11 22:07:14,071	INFO	预约成功<br/>您已违约1次,详情请登录web端或联系管理员
2024-06-12 22:07:40,417	INFO	预约成功<br/>您已违约1次,详情请登录web端或联系管理员
2024-06-13 22:07:50,414	INFO	预约成功<br/>您已违约1次,详情请登录web端或联系管理员
2024-06-14 22:08:10,111	INFO	预约成功<br/>您已违约1次,详情请登录web端或联系管理员
2024-06-15 22:07:18,224	INFO	预约成功<br/>您已违约1次,详情请登录web端或联系管理员
2024-06-16 22:08:30,997	INFO	预约成功<br/>您已违约1次,详情请登录web端或联系管理员
2024-06-17 22:07:08,784	INFO	预约成功<br/>您已违约1次,详情请登录web端或联系管理员
2024-06-18 22:06:53,936	INFO	预约成功<br/>您已违约1次,详情请登录web端或联系管理员
2024-06-19 22:07:54,251	INFO	预约成功<br/>您已违约1次,详情请登录web端或联系管理员
2024-06-20 22:07:14,218	INFO	预约成功<br/>您已违约1次,详情请登录web端或联系管理员
2024-06-21 22:07:56,858	INFO	预约成功<br/>您已违约1次,详情请登录web端或联系管理员
2024-06-22 22:07:36,315	INFO	预约成功<br/>您已违约1次,详情请登录web端或联系管理员
2024-06-23 22:06:48,583	INFO	预约成功<br/>您已违约1次,详情请登录web端或联系管理员
2024-06-24 22:08:35,389	INFO	预约成功<br/>您已违约1次,详情请登录web端或联系管理员
2024-06-25 22:09:01,061	ERROR	An error occurred: HTTPConnectionPool(host='libzw.csu.edu.cn', port=80): Max retries exceeded with url: /cas/index.php?callback=http%3A%2F%2Flibzw.csu.edu.cn%2Fhome%2Fweb%2Ff_second (Caused by ConnectTimeoutError(<urllib3.connection.HTTPConnection object at 0x7f1315a11660>, 'Connection to libzw.csu.edu.cn timed out. (connect timeout=None)'))
2024-06-26 22:07:37,921	INFO	预约成功<br/>您已违约1次,详情请登录web端或联系管理员
2024-06-27 22:07:24,118	INFO	预约成功<br/>您已违约1次,详情请登录web端或联系管理员
2024-06-28 22:06:53,061	INFO	预约成功<br/>您已违约2次,详情请登录web端或联系管理员
2024-06-29 22:07:44,118	INFO	预约成功<br/>您已违约2次,详情请登录web端或联系管理员
2024-06-30 22:07:06,676	INFO	预约成功<br/>您已违约2次,详情请登录web端或联系管理员
2024-07-01 22:07:27,672	INFO	预约成功<br/>您已违约2次,详情请登录web端或联系管理员
2024-08-25 22:07:13,918	INFO	预约成功
2024-08-26 22:08:27,593	INFO	预约成功
2024-08-27 22:07:17,370	INFO	预约成功
2024-08-28 22:07:33,618	INFO	预约成功
2024-08-29 22:08:00,740	INFO	预约成功
2024-08-30 22:07:22,473	INFO	预约成功
2024-08-31 22:08:54,435	INFO	预约成功
2024-09-01 22:08:36,740	INFO	预约成功
2024-09-02 22:07:26,809	INFO	预约成功
2024-09-05 22:08:01,343	INFO	预约成功
2024-09-06 22:07:39,681	INFO	预约成功
2024-09-07 22:07:15,815	INFO	预约成功
2024-09-08 22:07:28,392	INFO	预约成功
2024-09-09 22:07:34,741	INFO	预约成功
